{"C:\\Users\\nanas\\vagrant\\ubuntu64_18\\workspace\\workspace_codecademy\\Projekt2025\\Reddit app\\reddit-client-app\\client\\src\\features\\posts\\postsSlice.js": {"path":"C:\\Users\\nanas\\vagrant\\ubuntu64_18\\workspace\\workspace_codecademy\\Projekt2025\\Reddit app\\reddit-client-app\\client\\src\\features\\posts\\postsSlice.js","statementMap":{"0":{"start":{"line":3,"column":26},"end":{"line":21,"column":1}},"1":{"start":{"line":6,"column":4},"end":{"line":19,"column":3}},"2":{"start":{"line":7,"column":24},"end":{"line":7,"column":96}},"3":{"start":{"line":9,"column":7},"end":{"line":11,"column":8}},"4":{"start":{"line":10,"column":8},"end":{"line":10,"column":63}},"5":{"start":{"line":12,"column":18},"end":{"line":12,"column":39}},"6":{"start":{"line":13,"column":5},"end":{"line":15,"column":6}},"7":{"start":{"line":14,"column":6},"end":{"line":14,"column":69}},"8":{"start":{"line":16,"column":4},"end":{"line":16,"column":55}},"9":{"start":{"line":16,"column":43},"end":{"line":16,"column":53}},"10":{"start":{"line":18,"column":5},"end":{"line":18,"column":63}},"11":{"start":{"line":23,"column":19},"end":{"line":55,"column":2}},"12":{"start":{"line":34,"column":6},"end":{"line":34,"column":39}},"13":{"start":{"line":37,"column":6},"end":{"line":37,"column":34}},"14":{"start":{"line":41,"column":2},"end":{"line":53,"column":7}},"15":{"start":{"line":43,"column":6},"end":{"line":43,"column":27}},"16":{"start":{"line":44,"column":6},"end":{"line":44,"column":25}},"17":{"start":{"line":47,"column":6},"end":{"line":47,"column":28}},"18":{"start":{"line":48,"column":6},"end":{"line":48,"column":35}},"19":{"start":{"line":51,"column":6},"end":{"line":51,"column":28}},"20":{"start":{"line":52,"column":6},"end":{"line":52,"column":87}},"21":{"start":{"line":57,"column":39},"end":{"line":57,"column":57}}},"fnMap":{"0":{"name":"(anonymous_0)","decl":{"start":{"line":5,"column":2},"end":{"line":5,"column":3}},"loc":{"start":{"line":5,"column":40},"end":{"line":20,"column":1}},"line":5},"1":{"name":"(anonymous_1)","decl":{"start":{"line":16,"column":34},"end":{"line":16,"column":35}},"loc":{"start":{"line":16,"column":43},"end":{"line":16,"column":53}},"line":16},"2":{"name":"(anonymous_2)","decl":{"start":{"line":33,"column":4},"end":{"line":33,"column":5}},"loc":{"start":{"line":33,"column":31},"end":{"line":35,"column":5}},"line":33},"3":{"name":"(anonymous_3)","decl":{"start":{"line":36,"column":13},"end":{"line":36,"column":14}},"loc":{"start":{"line":36,"column":32},"end":{"line":38,"column":5}},"line":36},"4":{"name":"(anonymous_4)","decl":{"start":{"line":40,"column":16},"end":{"line":40,"column":17}},"loc":{"start":{"line":40,"column":29},"end":{"line":54,"column":1}},"line":40},"5":{"name":"(anonymous_5)","decl":{"start":{"line":42,"column":33},"end":{"line":42,"column":34}},"loc":{"start":{"line":42,"column":44},"end":{"line":45,"column":5}},"line":42},"6":{"name":"(anonymous_6)","decl":{"start":{"line":46,"column":35},"end":{"line":46,"column":36}},"loc":{"start":{"line":46,"column":54},"end":{"line":49,"column":5}},"line":46},"7":{"name":"(anonymous_7)","decl":{"start":{"line":50,"column":34},"end":{"line":50,"column":35}},"loc":{"start":{"line":50,"column":53},"end":{"line":53,"column":5}},"line":50}},"branchMap":{"0":{"loc":{"start":{"line":9,"column":7},"end":{"line":11,"column":8}},"type":"if","locations":[{"start":{"line":9,"column":7},"end":{"line":11,"column":8}},{"start":{},"end":{}}],"line":9},"1":{"loc":{"start":{"line":13,"column":5},"end":{"line":15,"column":6}},"type":"if","locations":[{"start":{"line":13,"column":5},"end":{"line":15,"column":6}},{"start":{},"end":{}}],"line":13},"2":{"loc":{"start":{"line":13,"column":8},"end":{"line":13,"column":64}},"type":"binary-expr","locations":[{"start":{"line":13,"column":8},"end":{"line":13,"column":29}},{"start":{"line":13,"column":33},"end":{"line":13,"column":64}}],"line":13},"3":{"loc":{"start":{"line":52,"column":20},"end":{"line":52,"column":86}},"type":"binary-expr","locations":[{"start":{"line":52,"column":20},"end":{"line":52,"column":34}},{"start":{"line":52,"column":38},"end":{"line":52,"column":58}},{"start":{"line":52,"column":62},"end":{"line":52,"column":86}}],"line":52}},"s":{"0":1,"1":4,"2":4,"3":3,"4":1,"5":2,"6":2,"7":1,"8":1,"9":1,"10":3,"11":1,"12":2,"13":1,"14":1,"15":4,"16":4,"17":1,"18":1,"19":3,"20":3,"21":1},"f":{"0":4,"1":1,"2":2,"3":1,"4":1,"5":4,"6":1,"7":3},"b":{"0":[1,2],"1":[1,1],"2":[2,2],"3":[3,0,0]},"_coverageSchema":"1a1c01bbd47fc00a2c39e90264f33305004495a9","hash":"38dfe52431dd21ef4d1fdf6e50098cfcccb3651d"}
}
