TN:
SF:src\features\posts\postsSlice.js
FN:5,(anonymous_0)
FN:16,(anonymous_1)
FN:33,(anonymous_2)
FN:36,(anonymous_3)
FN:40,(anonymous_4)
FN:42,(anonymous_5)
FN:46,(anonymous_6)
FN:50,(anonymous_7)
FNF:8
FNH:8
FNDA:4,(anonymous_0)
FNDA:1,(anonymous_1)
FNDA:2,(anonymous_2)
FNDA:1,(anonymous_3)
FNDA:1,(anonymous_4)
FNDA:4,(anonymous_5)
FNDA:1,(anonymous_6)
FNDA:3,(anonymous_7)
DA:3,1
DA:6,4
DA:7,4
DA:9,3
DA:10,1
DA:12,2
DA:13,2
DA:14,1
DA:16,1
DA:18,3
DA:23,1
DA:34,2
DA:37,1
DA:41,1
DA:43,4
DA:44,4
DA:47,1
DA:48,1
DA:51,3
DA:52,3
DA:57,1
LF:21
LH:21
BRDA:9,0,0,1
BRDA:9,0,1,2
BRDA:13,1,0,1
BRDA:13,1,1,1
BRDA:13,2,0,2
BRDA:13,2,1,2
BRDA:52,3,0,3
BRDA:52,3,1,0
BRDA:52,3,2,0
BRF:9
BRH:7
end_of_record
